0 info it worked if it ends with ok
1 verbose cli [ '/usr/local/bin/node',
1 verbose cli   '/usr/local/bin/npm',
1 verbose cli   'install',
1 verbose cli   '--save',
1 verbose cli   'zmq' ]
2 info using npm@3.10.10
3 info using node@v6.11.2
4 silly loadCurrentTree Starting
5 silly install loadCurrentTree
6 silly install readLocalPackageData
7 silly fetchPackageMetaData zmq
8 silly fetchNamedPackageData zmq
9 silly mapToRegistry name zmq
10 silly mapToRegistry using default registry
11 silly mapToRegistry registry https://registry.npmjs.org/
12 silly mapToRegistry data Result {
12 silly mapToRegistry   raw: 'zmq',
12 silly mapToRegistry   scope: null,
12 silly mapToRegistry   escapedName: 'zmq',
12 silly mapToRegistry   name: 'zmq',
12 silly mapToRegistry   rawSpec: '',
12 silly mapToRegistry   spec: 'latest',
12 silly mapToRegistry   type: 'tag' }
13 silly mapToRegistry uri https://registry.npmjs.org/zmq
14 verbose request uri https://registry.npmjs.org/zmq
15 verbose request no auth needed
16 info attempt registry request try #1 at 10:38:11 PM
17 verbose request id b52dc2c292cecf61
18 verbose etag "5a9f9675-141f0"
19 verbose lastModified Wed, 7 Mar 2018 7:36:21 GMT
20 http request GET https://registry.npmjs.org/zmq
21 http 304 https://registry.npmjs.org/zmq
22 verbose headers { date: 'Wed, 14 Mar 2018 22:38:11 GMT',
22 verbose headers   via: '1.1 varnish',
22 verbose headers   'cache-control': 'max-age=300',
22 verbose headers   etag: '"5a9f9675-141f0"',
22 verbose headers   age: '0',
22 verbose headers   connection: 'keep-alive',
22 verbose headers   'x-served-by': 'cache-lcy19248-LCY',
22 verbose headers   'x-cache': 'MISS',
22 verbose headers   'x-cache-hits': '0',
22 verbose headers   'x-timer': 'S1521067092.804046,VS0,VE184',
22 verbose headers   vary: 'Accept-Encoding, Accept' }
23 silly get cb [ 304,
23 silly get   { date: 'Wed, 14 Mar 2018 22:38:11 GMT',
23 silly get     via: '1.1 varnish',
23 silly get     'cache-control': 'max-age=300',
23 silly get     etag: '"5a9f9675-141f0"',
23 silly get     age: '0',
23 silly get     connection: 'keep-alive',
23 silly get     'x-served-by': 'cache-lcy19248-LCY',
23 silly get     'x-cache': 'MISS',
23 silly get     'x-cache-hits': '0',
23 silly get     'x-timer': 'S1521067092.804046,VS0,VE184',
23 silly get     vary: 'Accept-Encoding, Accept' } ]
24 verbose etag https://registry.npmjs.org/zmq from cache
25 verbose get saving zmq to /Users/jamesmurphy/.npm/registry.npmjs.org/zmq/.cache.json
26 verbose correctMkdir /Users/jamesmurphy/.npm correctMkdir not in flight; initializing
27 silly install normalizeTree
28 silly loadCurrentTree Finishing
29 silly loadIdealTree Starting
30 silly install loadIdealTree
31 silly cloneCurrentTree Starting
32 silly install cloneCurrentTreeToIdealTree
33 silly cloneCurrentTree Finishing
34 silly loadShrinkwrap Starting
35 silly install loadShrinkwrap
36 silly loadShrinkwrap Finishing
37 silly loadAllDepsIntoIdealTree Starting
38 silly install loadAllDepsIntoIdealTree
39 silly resolveWithNewModule zmq@2.15.3 checking installable status
40 silly cache add args [ 'zmq', null ]
41 verbose cache add spec zmq
42 silly cache add parsed spec Result {
42 silly cache add   raw: 'zmq',
42 silly cache add   scope: null,
42 silly cache add   escapedName: 'zmq',
42 silly cache add   name: 'zmq',
42 silly cache add   rawSpec: '',
42 silly cache add   spec: 'latest',
42 silly cache add   type: 'tag' }
43 silly addNamed zmq@latest
44 verbose addNamed "latest" is being treated as a dist-tag for zmq
45 info addNameTag [ 'zmq', 'latest' ]
46 silly mapToRegistry name zmq
47 silly mapToRegistry using default registry
48 silly mapToRegistry registry https://registry.npmjs.org/
49 silly mapToRegistry data Result {
49 silly mapToRegistry   raw: 'zmq',
49 silly mapToRegistry   scope: null,
49 silly mapToRegistry   escapedName: 'zmq',
49 silly mapToRegistry   name: 'zmq',
49 silly mapToRegistry   rawSpec: '',
49 silly mapToRegistry   spec: 'latest',
49 silly mapToRegistry   type: 'tag' }
50 silly mapToRegistry uri https://registry.npmjs.org/zmq
51 verbose addNameTag registry:https://registry.npmjs.org/zmq not in flight; fetching
52 verbose get https://registry.npmjs.org/zmq not expired, no request
53 silly addNameTag next cb for zmq with tag latest
54 silly addNamed zmq@2.15.3
55 verbose addNamed "2.15.3" is a plain semver version for zmq
56 silly cache afterAdd zmq@2.15.3
57 verbose afterAdd /Users/jamesmurphy/.npm/zmq/2.15.3/package/package.json not in flight; writing
58 verbose correctMkdir /Users/jamesmurphy/.npm correctMkdir not in flight; initializing
59 verbose afterAdd /Users/jamesmurphy/.npm/zmq/2.15.3/package/package.json written
60 silly fetchNamedPackageData nan
61 silly mapToRegistry name nan
62 silly mapToRegistry using default registry
63 silly mapToRegistry registry https://registry.npmjs.org/
64 silly mapToRegistry data Result {
64 silly mapToRegistry   raw: 'nan',
64 silly mapToRegistry   scope: null,
64 silly mapToRegistry   escapedName: 'nan',
64 silly mapToRegistry   name: 'nan',
64 silly mapToRegistry   rawSpec: '',
64 silly mapToRegistry   spec: 'latest',
64 silly mapToRegistry   type: 'tag' }
65 silly mapToRegistry uri https://registry.npmjs.org/nan
66 silly fetchNamedPackageData bindings
67 silly mapToRegistry name bindings
68 silly mapToRegistry using default registry
69 silly mapToRegistry registry https://registry.npmjs.org/
70 silly mapToRegistry data Result {
70 silly mapToRegistry   raw: 'bindings',
70 silly mapToRegistry   scope: null,
70 silly mapToRegistry   escapedName: 'bindings',
70 silly mapToRegistry   name: 'bindings',
70 silly mapToRegistry   rawSpec: '',
70 silly mapToRegistry   spec: 'latest',
70 silly mapToRegistry   type: 'tag' }
71 silly mapToRegistry uri https://registry.npmjs.org/bindings
72 verbose request uri https://registry.npmjs.org/bindings
73 verbose request no auth needed
74 info attempt registry request try #1 at 10:38:12 PM
75 verbose etag "5a700cb7-4c53"
76 verbose lastModified Tue, 30 Jan 2018 6:12:07 GMT
77 http request GET https://registry.npmjs.org/bindings
78 verbose request uri https://registry.npmjs.org/nan
79 verbose request no auth needed
80 info attempt registry request try #1 at 10:38:12 PM
81 verbose etag "5a8f537a-221e5"
82 verbose lastModified Thu, 22 Feb 2018 23:34:18 GMT
83 http request GET https://registry.npmjs.org/nan
84 http 304 https://registry.npmjs.org/bindings
85 verbose headers { date: 'Wed, 14 Mar 2018 22:38:12 GMT',
85 verbose headers   via: '1.1 varnish',
85 verbose headers   'cache-control': 'max-age=300',
85 verbose headers   etag: '"5a700cb7-4c53"',
85 verbose headers   age: '11342',
85 verbose headers   connection: 'keep-alive',
85 verbose headers   'x-served-by': 'cache-lcy19248-LCY',
85 verbose headers   'x-cache': 'HIT',
85 verbose headers   'x-cache-hits': '8',
85 verbose headers   'x-timer': 'S1521067092.102029,VS0,VE0',
85 verbose headers   vary: 'Accept-Encoding, Accept' }
86 silly get cb [ 304,
86 silly get   { date: 'Wed, 14 Mar 2018 22:38:12 GMT',
86 silly get     via: '1.1 varnish',
86 silly get     'cache-control': 'max-age=300',
86 silly get     etag: '"5a700cb7-4c53"',
86 silly get     age: '11342',
86 silly get     connection: 'keep-alive',
86 silly get     'x-served-by': 'cache-lcy19248-LCY',
86 silly get     'x-cache': 'HIT',
86 silly get     'x-cache-hits': '8',
86 silly get     'x-timer': 'S1521067092.102029,VS0,VE0',
86 silly get     vary: 'Accept-Encoding, Accept' } ]
87 verbose etag https://registry.npmjs.org/bindings from cache
88 verbose get saving bindings to /Users/jamesmurphy/.npm/registry.npmjs.org/bindings/.cache.json
89 verbose correctMkdir /Users/jamesmurphy/.npm correctMkdir not in flight; initializing
90 silly resolveWithNewModule bindings@1.2.1 checking installable status
91 silly cache add args [ 'bindings@~1.2.1', null ]
92 verbose cache add spec bindings@~1.2.1
93 silly cache add parsed spec Result {
93 silly cache add   raw: 'bindings@~1.2.1',
93 silly cache add   scope: null,
93 silly cache add   escapedName: 'bindings',
93 silly cache add   name: 'bindings',
93 silly cache add   rawSpec: '~1.2.1',
93 silly cache add   spec: '>=1.2.1 <1.3.0',
93 silly cache add   type: 'range' }
94 silly addNamed bindings@>=1.2.1 <1.3.0
95 verbose addNamed ">=1.2.1 <1.3.0" is a valid semver range for bindings
96 silly addNameRange { name: 'bindings', range: '>=1.2.1 <1.3.0', hasData: false }
97 silly mapToRegistry name bindings
98 silly mapToRegistry using default registry
99 silly mapToRegistry registry https://registry.npmjs.org/
100 silly mapToRegistry data Result {
100 silly mapToRegistry   raw: 'bindings',
100 silly mapToRegistry   scope: null,
100 silly mapToRegistry   escapedName: 'bindings',
100 silly mapToRegistry   name: 'bindings',
100 silly mapToRegistry   rawSpec: '',
100 silly mapToRegistry   spec: 'latest',
100 silly mapToRegistry   type: 'tag' }
101 silly mapToRegistry uri https://registry.npmjs.org/bindings
102 verbose addNameRange registry:https://registry.npmjs.org/bindings not in flight; fetching
103 verbose get https://registry.npmjs.org/bindings not expired, no request
104 silly addNameRange number 2 { name: 'bindings', range: '>=1.2.1 <1.3.0', hasData: true }
105 silly addNameRange versions [ 'bindings',
105 silly addNameRange   [ '0.0.1',
105 silly addNameRange     '0.1.0',
105 silly addNameRange     '0.1.1',
105 silly addNameRange     '0.2.0',
105 silly addNameRange     '0.2.1',
105 silly addNameRange     '0.2.2',
105 silly addNameRange     '0.2.3',
105 silly addNameRange     '0.2.4',
105 silly addNameRange     '0.3.0',
105 silly addNameRange     '0.4.0',
105 silly addNameRange     '1.0.0',
105 silly addNameRange     '1.1.0',
105 silly addNameRange     '1.1.1',
105 silly addNameRange     '1.2.0',
105 silly addNameRange     '1.2.1',
105 silly addNameRange     '1.3.0' ] ]
106 silly addNamed bindings@1.2.1
107 verbose addNamed "1.2.1" is a plain semver version for bindings
108 silly cache afterAdd bindings@1.2.1
109 verbose afterAdd /Users/jamesmurphy/.npm/bindings/1.2.1/package/package.json not in flight; writing
110 verbose correctMkdir /Users/jamesmurphy/.npm correctMkdir not in flight; initializing
111 verbose afterAdd /Users/jamesmurphy/.npm/bindings/1.2.1/package/package.json written
112 http 304 https://registry.npmjs.org/nan
113 verbose headers { date: 'Wed, 14 Mar 2018 22:38:12 GMT',
113 verbose headers   via: '1.1 varnish',
113 verbose headers   'cache-control': 'max-age=300',
113 verbose headers   etag: '"5a8f537a-221e5"',
113 verbose headers   age: '9184',
113 verbose headers   connection: 'keep-alive',
113 verbose headers   'x-served-by': 'cache-lcy19234-LCY',
113 verbose headers   'x-cache': 'HIT',
113 verbose headers   'x-cache-hits': '25',
113 verbose headers   'x-timer': 'S1521067092.149152,VS0,VE0',
113 verbose headers   vary: 'Accept-Encoding, Accept' }
114 silly get cb [ 304,
114 silly get   { date: 'Wed, 14 Mar 2018 22:38:12 GMT',
114 silly get     via: '1.1 varnish',
114 silly get     'cache-control': 'max-age=300',
114 silly get     etag: '"5a8f537a-221e5"',
114 silly get     age: '9184',
114 silly get     connection: 'keep-alive',
114 silly get     'x-served-by': 'cache-lcy19234-LCY',
114 silly get     'x-cache': 'HIT',
114 silly get     'x-cache-hits': '25',
114 silly get     'x-timer': 'S1521067092.149152,VS0,VE0',
114 silly get     vary: 'Accept-Encoding, Accept' } ]
115 verbose etag https://registry.npmjs.org/nan from cache
116 verbose get saving nan to /Users/jamesmurphy/.npm/registry.npmjs.org/nan/.cache.json
117 verbose correctMkdir /Users/jamesmurphy/.npm correctMkdir not in flight; initializing
118 silly resolveWithNewModule nan@2.3.5 checking installable status
119 silly cache add args [ 'nan@~2.3.0', null ]
120 verbose cache add spec nan@~2.3.0
121 silly cache add parsed spec Result {
121 silly cache add   raw: 'nan@~2.3.0',
121 silly cache add   scope: null,
121 silly cache add   escapedName: 'nan',
121 silly cache add   name: 'nan',
121 silly cache add   rawSpec: '~2.3.0',
121 silly cache add   spec: '>=2.3.0 <2.4.0',
121 silly cache add   type: 'range' }
122 silly addNamed nan@>=2.3.0 <2.4.0
123 verbose addNamed ">=2.3.0 <2.4.0" is a valid semver range for nan
124 silly addNameRange { name: 'nan', range: '>=2.3.0 <2.4.0', hasData: false }
125 silly mapToRegistry name nan
126 silly mapToRegistry using default registry
127 silly mapToRegistry registry https://registry.npmjs.org/
128 silly mapToRegistry data Result {
128 silly mapToRegistry   raw: 'nan',
128 silly mapToRegistry   scope: null,
128 silly mapToRegistry   escapedName: 'nan',
128 silly mapToRegistry   name: 'nan',
128 silly mapToRegistry   rawSpec: '',
128 silly mapToRegistry   spec: 'latest',
128 silly mapToRegistry   type: 'tag' }
129 silly mapToRegistry uri https://registry.npmjs.org/nan
130 verbose addNameRange registry:https://registry.npmjs.org/nan not in flight; fetching
131 verbose get https://registry.npmjs.org/nan not expired, no request
132 silly addNameRange number 2 { name: 'nan', range: '>=2.3.0 <2.4.0', hasData: true }
133 silly addNameRange versions [ 'nan',
133 silly addNameRange   [ '0.3.0-wip',
133 silly addNameRange     '0.3.0-wip2',
133 silly addNameRange     '0.3.0',
133 silly addNameRange     '0.3.1',
133 silly addNameRange     '0.3.2',
133 silly addNameRange     '0.4.0',
133 silly addNameRange     '0.4.1',
133 silly addNameRange     '0.4.2',
133 silly addNameRange     '0.4.3',
133 silly addNameRange     '0.4.4',
133 silly addNameRange     '0.5.0',
133 silly addNameRange     '0.5.1',
133 silly addNameRange     '0.5.2',
133 silly addNameRange     '0.6.0',
133 silly addNameRange     '0.7.0',
133 silly addNameRange     '0.7.1',
133 silly addNameRange     '0.8.0',
133 silly addNameRange     '1.0.0',
133 silly addNameRange     '1.1.0',
133 silly addNameRange     '1.1.1',
133 silly addNameRange     '1.1.2',
133 silly addNameRange     '1.2.0',
133 silly addNameRange     '1.3.0',
133 silly addNameRange     '1.4.0',
133 silly addNameRange     '1.4.1',
133 silly addNameRange     '1.5.0',
133 silly addNameRange     '1.4.2',
133 silly addNameRange     '1.4.3',
133 silly addNameRange     '1.5.1',
133 silly addNameRange     '1.5.2',
133 silly addNameRange     '1.6.0',
133 silly addNameRange     '1.5.3',
133 silly addNameRange     '1.6.1',
133 silly addNameRange     '1.6.2',
133 silly addNameRange     '1.7.0',
133 silly addNameRange     '1.8.0',
133 silly addNameRange     '1.8.1',
133 silly addNameRange     '1.8.2',
133 silly addNameRange     '1.8.3',
133 silly addNameRange     '1.8.4',
133 silly addNameRange     '1.9.0',
133 silly addNameRange     '2.0.0',
133 silly addNameRange     '2.0.1',
133 silly addNameRange     '2.0.2',
133 silly addNameRange     '2.0.3',
133 silly addNameRange     '2.0.4',
133 silly addNameRange     '2.0.5',
133 silly addNameRange     '2.0.6',
133 silly addNameRange     '2.0.7',
133 silly addNameRange     '2.0.8',
133 silly addNameRange     '2.0.9',
133 silly addNameRange     '2.1.0',
133 silly addNameRange     '2.2.0',
133 silly addNameRange     '2.2.1',
133 silly addNameRange     '2.3.0',
133 silly addNameRange     '2.3.1',
133 silly addNameRange     '2.3.2',
133 silly addNameRange     '2.3.3',
133 silly addNameRange     '2.3.4',
133 silly addNameRange     '2.3.5',
133 silly addNameRange     '2.4.0',
133 silly addNameRange     '2.5.0',
133 silly addNameRange     '2.5.1',
133 silly addNameRange     '2.6.0',
133 silly addNameRange     '2.6.1',
133 silly addNameRange     '2.6.2',
133 silly addNameRange     '2.7.0',
133 silly addNameRange     '2.8.0',
133 silly addNameRange     '2.9.1',
133 silly addNameRange     '2.9.2' ] ]
134 silly addNamed nan@2.3.5
135 verbose addNamed "2.3.5" is a plain semver version for nan
136 silly cache afterAdd nan@2.3.5
137 verbose afterAdd /Users/jamesmurphy/.npm/nan/2.3.5/package/package.json not in flight; writing
138 verbose correctMkdir /Users/jamesmurphy/.npm correctMkdir not in flight; initializing
139 verbose afterAdd /Users/jamesmurphy/.npm/nan/2.3.5/package/package.json written
140 silly loadAllDepsIntoIdealTree Finishing
141 silly loadIdealTree Finishing
142 silly currentTree zmq-middlware-manager@1.0.0
143 silly idealTree zmq-middlware-manager@1.0.0
143 silly idealTree ├── bindings@1.2.1
143 silly idealTree ├── nan@2.3.5
143 silly idealTree └── zmq@2.15.3
144 silly generateActionsToTake Starting
145 silly install generateActionsToTake
146 silly generateActionsToTake Finishing
147 silly diffTrees action count 3
148 silly diffTrees add bindings@1.2.1
149 silly diffTrees add nan@2.3.5
150 silly diffTrees add zmq@2.15.3
151 silly decomposeActions action count 24
152 silly decomposeActions fetch bindings@1.2.1
153 silly decomposeActions extract bindings@1.2.1
154 silly decomposeActions test bindings@1.2.1
155 silly decomposeActions preinstall bindings@1.2.1
156 silly decomposeActions build bindings@1.2.1
157 silly decomposeActions install bindings@1.2.1
158 silly decomposeActions postinstall bindings@1.2.1
159 silly decomposeActions finalize bindings@1.2.1
160 silly decomposeActions fetch nan@2.3.5
161 silly decomposeActions extract nan@2.3.5
162 silly decomposeActions test nan@2.3.5
163 silly decomposeActions preinstall nan@2.3.5
164 silly decomposeActions build nan@2.3.5
165 silly decomposeActions install nan@2.3.5
166 silly decomposeActions postinstall nan@2.3.5
167 silly decomposeActions finalize nan@2.3.5
168 silly decomposeActions fetch zmq@2.15.3
169 silly decomposeActions extract zmq@2.15.3
170 silly decomposeActions test zmq@2.15.3
171 silly decomposeActions preinstall zmq@2.15.3
172 silly decomposeActions build zmq@2.15.3
173 silly decomposeActions install zmq@2.15.3
174 silly decomposeActions postinstall zmq@2.15.3
175 silly decomposeActions finalize zmq@2.15.3
176 silly runTopLevelLifecycles Starting
177 silly executeActions Starting
178 silly install executeActions
179 silly doSerial global-install 0
180 silly doParallel fetch 3
181 verbose correctMkdir /Users/jamesmurphy/.npm/_locks correctMkdir not in flight; initializing
182 verbose lock using /Users/jamesmurphy/.npm/_locks/staging-c3984b03e445e74b.lock for /Users/jamesmurphy/Development/Repos/clients/PacktPublishing/NodeJsDesignPatterns/Chapter06/demos/14_middleware_manager/node_modules/.staging
183 silly doParallel extract 3
184 silly extract bindings@1.2.1
185 silly extract nan@2.3.5
186 silly extract zmq@2.15.3
187 verbose unbuild node_modules/.staging/bindings-2802f029
188 verbose unbuild node_modules/.staging/nan-e957e1f7
189 verbose unbuild node_modules/.staging/zmq-2a234c15
190 silly gentlyRm /Users/jamesmurphy/Development/Repos/clients/PacktPublishing/NodeJsDesignPatterns/Chapter06/demos/14_middleware_manager/node_modules/.staging/bindings-2802f029 is being purged from base /Users/jamesmurphy/Development/Repos/clients/PacktPublishing/NodeJsDesignPatterns/Chapter06/demos/14_middleware_manager
191 verbose gentlyRm don't care about contents; nuking /Users/jamesmurphy/Development/Repos/clients/PacktPublishing/NodeJsDesignPatterns/Chapter06/demos/14_middleware_manager/node_modules/.staging/bindings-2802f029
192 silly gentlyRm /Users/jamesmurphy/Development/Repos/clients/PacktPublishing/NodeJsDesignPatterns/Chapter06/demos/14_middleware_manager/node_modules/.staging/nan-e957e1f7 is being purged from base /Users/jamesmurphy/Development/Repos/clients/PacktPublishing/NodeJsDesignPatterns/Chapter06/demos/14_middleware_manager
193 verbose gentlyRm don't care about contents; nuking /Users/jamesmurphy/Development/Repos/clients/PacktPublishing/NodeJsDesignPatterns/Chapter06/demos/14_middleware_manager/node_modules/.staging/nan-e957e1f7
194 silly gentlyRm /Users/jamesmurphy/Development/Repos/clients/PacktPublishing/NodeJsDesignPatterns/Chapter06/demos/14_middleware_manager/node_modules/.staging/zmq-2a234c15 is being purged from base /Users/jamesmurphy/Development/Repos/clients/PacktPublishing/NodeJsDesignPatterns/Chapter06/demos/14_middleware_manager
195 verbose gentlyRm don't care about contents; nuking /Users/jamesmurphy/Development/Repos/clients/PacktPublishing/NodeJsDesignPatterns/Chapter06/demos/14_middleware_manager/node_modules/.staging/zmq-2a234c15
196 verbose tar unpack /Users/jamesmurphy/.npm/bindings/1.2.1/package.tgz
197 verbose tar unpacking to /Users/jamesmurphy/Development/Repos/clients/PacktPublishing/NodeJsDesignPatterns/Chapter06/demos/14_middleware_manager/node_modules/.staging/bindings-2802f029
198 silly gentlyRm /Users/jamesmurphy/Development/Repos/clients/PacktPublishing/NodeJsDesignPatterns/Chapter06/demos/14_middleware_manager/node_modules/.staging/bindings-2802f029 is being purged
199 verbose gentlyRm don't care about contents; nuking /Users/jamesmurphy/Development/Repos/clients/PacktPublishing/NodeJsDesignPatterns/Chapter06/demos/14_middleware_manager/node_modules/.staging/bindings-2802f029
200 verbose tar unpack /Users/jamesmurphy/.npm/nan/2.3.5/package.tgz
201 verbose tar unpacking to /Users/jamesmurphy/Development/Repos/clients/PacktPublishing/NodeJsDesignPatterns/Chapter06/demos/14_middleware_manager/node_modules/.staging/nan-e957e1f7
202 silly gentlyRm /Users/jamesmurphy/Development/Repos/clients/PacktPublishing/NodeJsDesignPatterns/Chapter06/demos/14_middleware_manager/node_modules/.staging/nan-e957e1f7 is being purged
203 verbose gentlyRm don't care about contents; nuking /Users/jamesmurphy/Development/Repos/clients/PacktPublishing/NodeJsDesignPatterns/Chapter06/demos/14_middleware_manager/node_modules/.staging/nan-e957e1f7
204 verbose tar unpack /Users/jamesmurphy/.npm/zmq/2.15.3/package.tgz
205 verbose tar unpacking to /Users/jamesmurphy/Development/Repos/clients/PacktPublishing/NodeJsDesignPatterns/Chapter06/demos/14_middleware_manager/node_modules/.staging/zmq-2a234c15
206 silly gentlyRm /Users/jamesmurphy/Development/Repos/clients/PacktPublishing/NodeJsDesignPatterns/Chapter06/demos/14_middleware_manager/node_modules/.staging/zmq-2a234c15 is being purged
207 verbose gentlyRm don't care about contents; nuking /Users/jamesmurphy/Development/Repos/clients/PacktPublishing/NodeJsDesignPatterns/Chapter06/demos/14_middleware_manager/node_modules/.staging/zmq-2a234c15
208 silly gunzTarPerm modes [ '755', '644' ]
209 silly gunzTarPerm modes [ '755', '644' ]
210 silly gunzTarPerm modes [ '755', '644' ]
211 silly gunzTarPerm extractEntry package.json
212 silly gunzTarPerm extractEntry package.json
213 silly gunzTarPerm modified mode [ 'package.json', 436, 420 ]
214 silly gunzTarPerm extractEntry package.json
215 silly gunzTarPerm extractEntry README.md
216 silly gunzTarPerm extractEntry bindings.js
217 silly gunzTarPerm extractEntry README.md
218 silly gunzTarPerm modified mode [ 'README.md', 436, 420 ]
219 silly gunzTarPerm extractEntry .npmignore
220 silly gunzTarPerm extractEntry README.md
221 silly gunzTarPerm extractEntry include_dirs.js
222 silly gunzTarPerm modified mode [ 'include_dirs.js', 436, 420 ]
223 silly gunzTarPerm extractEntry LICENSE
224 silly gunzTarPerm extractEntry index.js
225 silly gunzTarPerm extractEntry nan_converters.h
226 silly gunzTarPerm modified mode [ 'nan_converters.h', 436, 420 ]
227 silly gunzTarPerm extractEntry LICENSE.md
228 silly gunzTarPerm modified mode [ 'LICENSE.md', 436, 420 ]
229 silly gunzTarPerm extractEntry doc/node_misc.md
230 silly gunzTarPerm modified mode [ 'doc/node_misc.md', 436, 420 ]
231 silly gunzTarPerm extractEntry doc/asyncworker.md
232 silly gunzTarPerm modified mode [ 'doc/asyncworker.md', 436, 420 ]
233 silly gunzTarPerm extractEntry binding.gyp
234 silly gunzTarPerm extractEntry Makefile
235 silly gunzTarPerm extractEntry doc/callback.md
236 silly gunzTarPerm modified mode [ 'doc/callback.md', 436, 420 ]
237 silly gunzTarPerm extractEntry doc/converters.md
238 silly gunzTarPerm modified mode [ 'doc/converters.md', 436, 420 ]
239 silly gunzTarPerm extractEntry .travis.yml
240 silly gunzTarPerm extractEntry appveyor.yml
241 silly gunzTarPerm extractEntry doc/errors.md
242 silly gunzTarPerm modified mode [ 'doc/errors.md', 436, 420 ]
243 silly gunzTarPerm extractEntry doc/maybe_types.md
244 silly gunzTarPerm modified mode [ 'doc/maybe_types.md', 436, 420 ]
245 silly gunzTarPerm extractEntry binding.cc
246 silly gunzTarPerm extractEntry examples/dealer_router.js
247 silly gunzTarPerm extractEntry doc/methods.md
248 silly gunzTarPerm modified mode [ 'doc/methods.md', 436, 420 ]
249 silly gunzTarPerm extractEntry doc/new.md
250 silly gunzTarPerm modified mode [ 'doc/new.md', 436, 420 ]
251 silly gentlyRm /Users/jamesmurphy/Development/Repos/clients/PacktPublishing/NodeJsDesignPatterns/Chapter06/demos/14_middleware_manager/node_modules/.staging/bindings-2802f029/node_modules is being purged
252 verbose gentlyRm don't care about contents; nuking /Users/jamesmurphy/Development/Repos/clients/PacktPublishing/NodeJsDesignPatterns/Chapter06/demos/14_middleware_manager/node_modules/.staging/bindings-2802f029/node_modules
253 silly gunzTarPerm extractEntry examples/pub_sub.js
254 silly gunzTarPerm extractEntry examples/push_pull.js
255 silly gunzTarPerm extractEntry doc/buffers.md
256 silly gunzTarPerm modified mode [ 'doc/buffers.md', 436, 420 ]
257 silly gunzTarPerm extractEntry doc/object_wrappers.md
258 silly gunzTarPerm modified mode [ 'doc/object_wrappers.md', 436, 420 ]
259 silly gunzTarPerm extractEntry examples/rep_req.js
260 silly gunzTarPerm extractEntry examples/req_rep.js
261 silly gunzTarPerm extractEntry doc/persistent.md
262 silly gunzTarPerm modified mode [ 'doc/persistent.md', 436, 420 ]
263 silly gunzTarPerm extractEntry doc/scopes.md
264 silly gunzTarPerm modified mode [ 'doc/scopes.md', 436, 420 ]
265 silly gunzTarPerm extractEntry examples/router_dealer.js
266 silly gunzTarPerm extractEntry examples/rpc.js
267 silly gunzTarPerm extractEntry doc/script.md
268 silly gunzTarPerm modified mode [ 'doc/script.md', 436, 420 ]
269 silly gunzTarPerm extractEntry doc/string_bytes.md
270 silly gunzTarPerm modified mode [ 'doc/string_bytes.md', 436, 420 ]
271 silly gunzTarPerm extractEntry examples/devices/forwarder.js
272 silly gunzTarPerm extractEntry examples/devices/queue.js
273 silly gunzTarPerm extractEntry doc/v8_internals.md
274 silly gunzTarPerm modified mode [ 'doc/v8_internals.md', 436, 420 ]
275 silly gunzTarPerm extractEntry doc/v8_misc.md
276 silly gunzTarPerm modified mode [ 'doc/v8_misc.md', 436, 420 ]
277 silly gunzTarPerm extractEntry examples/devices/streamer.js
278 silly gunzTarPerm extractEntry examples/workers/producer.js
279 silly gunzTarPerm extractEntry examples/workers/worker.js
280 silly gunzTarPerm extractEntry History.md
281 silly gunzTarPerm extractEntry lib/index.js
282 silly gunzTarPerm extractEntry nan.h
283 silly gunzTarPerm modified mode [ 'nan.h', 436, 420 ]
284 silly gunzTarPerm extractEntry nan_callbacks.h
285 silly gunzTarPerm modified mode [ 'nan_callbacks.h', 436, 420 ]
286 silly gunzTarPerm extractEntry nan_callbacks_12_inl.h
287 silly gunzTarPerm modified mode [ 'nan_callbacks_12_inl.h', 436, 420 ]
288 silly gunzTarPerm extractEntry nan_callbacks_pre_12_inl.h
289 silly gunzTarPerm modified mode [ 'nan_callbacks_pre_12_inl.h', 436, 420 ]
290 silly gunzTarPerm extractEntry nan_converters_43_inl.h
291 silly gunzTarPerm modified mode [ 'nan_converters_43_inl.h', 436, 420 ]
292 silly gunzTarPerm extractEntry nan_converters_pre_43_inl.h
293 silly gunzTarPerm modified mode [ 'nan_converters_pre_43_inl.h', 436, 420 ]
294 silly gunzTarPerm extractEntry nan_implementation_12_inl.h
295 silly gunzTarPerm modified mode [ 'nan_implementation_12_inl.h', 436, 420 ]
296 silly gunzTarPerm extractEntry nan_implementation_pre_12_inl.h
297 silly gunzTarPerm modified mode [ 'nan_implementation_pre_12_inl.h', 436, 420 ]
298 silly gunzTarPerm extractEntry nan_maybe_43_inl.h
299 silly gunzTarPerm modified mode [ 'nan_maybe_43_inl.h', 436, 420 ]
300 silly gunzTarPerm extractEntry nan_maybe_pre_43_inl.h
301 silly gunzTarPerm modified mode [ 'nan_maybe_pre_43_inl.h', 436, 420 ]
302 silly gunzTarPerm extractEntry nan_new.h
303 silly gunzTarPerm modified mode [ 'nan_new.h', 436, 420 ]
304 silly gunzTarPerm extractEntry nan_object_wrap.h
305 silly gunzTarPerm modified mode [ 'nan_object_wrap.h', 436, 420 ]
306 silly gunzTarPerm extractEntry nan_persistent_12_inl.h
307 silly gunzTarPerm modified mode [ 'nan_persistent_12_inl.h', 436, 420 ]
308 silly gunzTarPerm extractEntry nan_persistent_pre_12_inl.h
309 silly gunzTarPerm modified mode [ 'nan_persistent_pre_12_inl.h', 436, 420 ]
310 silly gunzTarPerm extractEntry nan_string_bytes.h
311 silly gunzTarPerm modified mode [ 'nan_string_bytes.h', 436, 420 ]
312 silly gunzTarPerm extractEntry nan_typedarray_contents.h
313 silly gunzTarPerm modified mode [ 'nan_typedarray_contents.h', 436, 420 ]
314 silly gunzTarPerm extractEntry nan_weak.h
315 silly gunzTarPerm modified mode [ 'nan_weak.h', 436, 420 ]
316 silly gunzTarPerm extractEntry CHANGELOG.md
317 silly gunzTarPerm modified mode [ 'CHANGELOG.md', 436, 420 ]
318 silly gunzTarPerm extractEntry tools/package.json
319 silly gunzTarPerm modified mode [ 'tools/package.json', 436, 420 ]
320 silly gunzTarPerm extractEntry tools/README.md
321 silly gunzTarPerm modified mode [ 'tools/README.md', 436, 420 ]
322 silly gunzTarPerm extractEntry tools/1to2.js
323 silly gunzTarPerm modified mode [ 'tools/1to2.js', 509, 493 ]
324 silly gunzTarPerm extractEntry test/context.js
325 silly gunzTarPerm extractEntry test/socket.monitor.js
326 silly gunzTarPerm extractEntry test/socket.pair.js
327 silly gunzTarPerm extractEntry test/socket.pub-sub.js
328 silly gunzTarPerm extractEntry test/socket.messages.js
329 silly gunzTarPerm extractEntry test/exports.js
330 silly gunzTarPerm extractEntry test/socket.router.js
331 silly gunzTarPerm extractEntry test/socket.stream.js
332 silly gunzTarPerm extractEntry test/socket.unbind.js
333 silly gunzTarPerm extractEntry test/socket.xpub-xsub.js
334 silly gunzTarPerm extractEntry test/socket.js
335 silly gunzTarPerm extractEntry test/socket.zap.js
336 silly gunzTarPerm extractEntry test/socket.events.js
337 silly gunzTarPerm extractEntry test/zap.js
338 silly gunzTarPerm extractEntry test/socket.error-callback.js
339 silly gunzTarPerm extractEntry test/zmq_proxy.js
340 silly gunzTarPerm extractEntry test/zmq_proxy.xpub-xsub.js
341 silly gunzTarPerm extractEntry test/zmq_proxy.push-pull.js
342 silly gunzTarPerm extractEntry test/gc.js
343 silly gunzTarPerm extractEntry test/zmq_proxy.router-dealer.js
344 silly gunzTarPerm extractEntry test/socket.push-pull.js
345 silly gunzTarPerm extractEntry test/zmq_proxy.xrep-xreq.js
346 silly gunzTarPerm extractEntry test/socket.req-rep.js
347 silly gunzTarPerm extractEntry test/mocha.opts
348 silly gunzTarPerm extractEntry .editorconfig
349 silly gunzTarPerm extractEntry perf/local_lat.js
350 silly gunzTarPerm extractEntry perf/local_thr.js
351 silly gunzTarPerm extractEntry perf/remote_lat.js
352 silly gunzTarPerm extractEntry perf/remote_thr.js
353 silly gunzTarPerm extractEntry windows/include/zmq.h
354 silly gunzTarPerm extractEntry windows/include/zmq_utils.h
355 silly gunzTarPerm extractEntry windows/lib/x64/libzmq-v100-mt-4_0_4.dll
356 silly gunzTarPerm extractEntry windows/lib/x64/libzmq-v100-mt-4_0_4.lib
357 silly gunzTarPerm extractEntry windows/lib/x86/libzmq-v100-mt-4_0_4.dll
358 silly gunzTarPerm extractEntry windows/lib/x86/libzmq-v100-mt-4_0_4.lib
359 silly gentlyRm /Users/jamesmurphy/Development/Repos/clients/PacktPublishing/NodeJsDesignPatterns/Chapter06/demos/14_middleware_manager/node_modules/.staging/nan-e957e1f7/node_modules is being purged
360 verbose gentlyRm don't care about contents; nuking /Users/jamesmurphy/Development/Repos/clients/PacktPublishing/NodeJsDesignPatterns/Chapter06/demos/14_middleware_manager/node_modules/.staging/nan-e957e1f7/node_modules
361 silly gentlyRm /Users/jamesmurphy/Development/Repos/clients/PacktPublishing/NodeJsDesignPatterns/Chapter06/demos/14_middleware_manager/node_modules/.staging/zmq-2a234c15/node_modules is being purged
362 verbose gentlyRm don't care about contents; nuking /Users/jamesmurphy/Development/Repos/clients/PacktPublishing/NodeJsDesignPatterns/Chapter06/demos/14_middleware_manager/node_modules/.staging/zmq-2a234c15/node_modules
363 silly doParallel preinstall 3
364 silly preinstall bindings@1.2.1 /Users/jamesmurphy/Development/Repos/clients/PacktPublishing/NodeJsDesignPatterns/Chapter06/demos/14_middleware_manager/node_modules/.staging/bindings-2802f029
365 info lifecycle bindings@1.2.1~preinstall: bindings@1.2.1
366 silly preinstall nan@2.3.5 /Users/jamesmurphy/Development/Repos/clients/PacktPublishing/NodeJsDesignPatterns/Chapter06/demos/14_middleware_manager/node_modules/.staging/nan-e957e1f7
367 info lifecycle nan@2.3.5~preinstall: nan@2.3.5
368 silly preinstall zmq@2.15.3 /Users/jamesmurphy/Development/Repos/clients/PacktPublishing/NodeJsDesignPatterns/Chapter06/demos/14_middleware_manager/node_modules/.staging/zmq-2a234c15
369 info lifecycle zmq@2.15.3~preinstall: zmq@2.15.3
370 silly lifecycle bindings@1.2.1~preinstall: no script for preinstall, continuing
371 silly lifecycle nan@2.3.5~preinstall: no script for preinstall, continuing
372 silly lifecycle zmq@2.15.3~preinstall: no script for preinstall, continuing
373 silly doReverseSerial remove 0
374 silly doSerial move 0
375 silly doSerial finalize 3
376 silly finalize /Users/jamesmurphy/Development/Repos/clients/PacktPublishing/NodeJsDesignPatterns/Chapter06/demos/14_middleware_manager/node_modules/bindings
377 silly finalize /Users/jamesmurphy/Development/Repos/clients/PacktPublishing/NodeJsDesignPatterns/Chapter06/demos/14_middleware_manager/node_modules/nan
378 silly finalize /Users/jamesmurphy/Development/Repos/clients/PacktPublishing/NodeJsDesignPatterns/Chapter06/demos/14_middleware_manager/node_modules/zmq
379 silly doSerial build 3
380 silly build bindings@1.2.1
381 info linkStuff bindings@1.2.1
382 silly linkStuff bindings@1.2.1 has /Users/jamesmurphy/Development/Repos/clients/PacktPublishing/NodeJsDesignPatterns/Chapter06/demos/14_middleware_manager/node_modules as its parent node_modules
383 verbose linkBins bindings@1.2.1
384 verbose linkMans bindings@1.2.1
385 silly build nan@2.3.5
386 info linkStuff nan@2.3.5
387 silly linkStuff nan@2.3.5 has /Users/jamesmurphy/Development/Repos/clients/PacktPublishing/NodeJsDesignPatterns/Chapter06/demos/14_middleware_manager/node_modules as its parent node_modules
388 verbose linkBins nan@2.3.5
389 verbose linkMans nan@2.3.5
390 silly build zmq@2.15.3
391 info linkStuff zmq@2.15.3
392 silly linkStuff zmq@2.15.3 has /Users/jamesmurphy/Development/Repos/clients/PacktPublishing/NodeJsDesignPatterns/Chapter06/demos/14_middleware_manager/node_modules as its parent node_modules
393 verbose linkBins zmq@2.15.3
394 verbose linkMans zmq@2.15.3
395 silly doSerial global-link 0
396 silly doParallel update-linked 0
397 silly doSerial install 3
398 silly install bindings@1.2.1 /Users/jamesmurphy/Development/Repos/clients/PacktPublishing/NodeJsDesignPatterns/Chapter06/demos/14_middleware_manager/node_modules/.staging/bindings-2802f029
399 info lifecycle bindings@1.2.1~install: bindings@1.2.1
400 silly lifecycle bindings@1.2.1~install: no script for install, continuing
401 silly install nan@2.3.5 /Users/jamesmurphy/Development/Repos/clients/PacktPublishing/NodeJsDesignPatterns/Chapter06/demos/14_middleware_manager/node_modules/.staging/nan-e957e1f7
402 info lifecycle nan@2.3.5~install: nan@2.3.5
403 silly lifecycle nan@2.3.5~install: no script for install, continuing
404 silly install zmq@2.15.3 /Users/jamesmurphy/Development/Repos/clients/PacktPublishing/NodeJsDesignPatterns/Chapter06/demos/14_middleware_manager/node_modules/.staging/zmq-2a234c15
405 info lifecycle zmq@2.15.3~install: zmq@2.15.3
406 verbose lifecycle zmq@2.15.3~install: unsafe-perm in lifecycle true
407 verbose lifecycle zmq@2.15.3~install: PATH: /usr/local/lib/node_modules/npm/bin/node-gyp-bin:/Users/jamesmurphy/Development/Repos/clients/PacktPublishing/NodeJsDesignPatterns/Chapter06/demos/14_middleware_manager/node_modules/zmq/node_modules/.bin:/Users/jamesmurphy/Development/Repos/clients/PacktPublishing/NodeJsDesignPatterns/Chapter06/demos/14_middleware_manager/node_modules/.bin:/Users/jamesmurphy/.rvm/gems/ruby-2.3.0/bin:/Users/jamesmurphy/.rvm/gems/ruby-2.3.0@global/bin:/Users/jamesmurphy/.rvm/rubies/ruby-2.3.0/bin:/Users/jamesmurphy/.npm/bin:/Users/jamesmurphy/.nvm:/usr/local/share/npm/bin:/usr/local/bin:/Users/jamesmurphy/Development/Tools/apache/maven/current/bin:/usr/local/bin:/usr/bin:/bin:/usr/sbin:/sbin:/opt/puppetlabs/bin:/Users/jamesmurphy/.rvm/bin
408 verbose lifecycle zmq@2.15.3~install: CWD: /Users/jamesmurphy/Development/Repos/clients/PacktPublishing/NodeJsDesignPatterns/Chapter06/demos/14_middleware_manager/node_modules/zmq
409 silly lifecycle zmq@2.15.3~install: Args: [ '-c', 'node-gyp rebuild' ]
410 silly lifecycle zmq@2.15.3~install: Returned: code: 1  signal: null
411 info lifecycle zmq@2.15.3~install: Failed to exec install script
412 verbose unlock done using /Users/jamesmurphy/.npm/_locks/staging-c3984b03e445e74b.lock for /Users/jamesmurphy/Development/Repos/clients/PacktPublishing/NodeJsDesignPatterns/Chapter06/demos/14_middleware_manager/node_modules/.staging
413 silly rollbackFailedOptional Starting
414 silly rollbackFailedOptional Finishing
415 silly runTopLevelLifecycles Finishing
416 silly install printInstalled
417 warn zmq-middlware-manager@1.0.0 No repository field.
418 verbose If you need help, you may report this error at:
418 verbose     <https://github.com/npm/npm/issues>
419 verbose stack Error: zmq@2.15.3 install: `node-gyp rebuild`
419 verbose stack Exit status 1
419 verbose stack     at EventEmitter.<anonymous> (/usr/local/lib/node_modules/npm/lib/utils/lifecycle.js:255:16)
419 verbose stack     at emitTwo (events.js:106:13)
419 verbose stack     at EventEmitter.emit (events.js:191:7)
419 verbose stack     at ChildProcess.<anonymous> (/usr/local/lib/node_modules/npm/lib/utils/spawn.js:40:14)
419 verbose stack     at emitTwo (events.js:106:13)
419 verbose stack     at ChildProcess.emit (events.js:191:7)
419 verbose stack     at maybeClose (internal/child_process.js:891:16)
419 verbose stack     at Process.ChildProcess._handle.onexit (internal/child_process.js:226:5)
420 verbose pkgid zmq@2.15.3
421 verbose cwd /Users/jamesmurphy/Development/Repos/clients/PacktPublishing/NodeJsDesignPatterns/Chapter06/demos/14_middleware_manager
422 error Darwin 16.7.0
423 error argv "/usr/local/bin/node" "/usr/local/bin/npm" "install" "--save" "zmq"
424 error node v6.11.2
425 error npm  v3.10.10
426 error code ELIFECYCLE
427 error zmq@2.15.3 install: `node-gyp rebuild`
427 error Exit status 1
428 error Failed at the zmq@2.15.3 install script 'node-gyp rebuild'.
428 error Make sure you have the latest version of node.js and npm installed.
428 error If you do, this is most likely a problem with the zmq package,
428 error not with npm itself.
428 error Tell the author that this fails on your system:
428 error     node-gyp rebuild
428 error You can get information on how to open an issue for this project with:
428 error     npm bugs zmq
428 error Or if that isn't available, you can get their info via:
428 error     npm owner ls zmq
428 error There is likely additional logging output above.
429 verbose exit [ 1, true ]
